CRITICAL - 2021-12-06 05:08:49 --> include(../partials/header.php): Failed to open stream: No such file or directory
#0 /app/app/Views/pages/index.php(18): CodeIgniter\Debug\Exceptions->errorHandler(2, 'include(../part...', '/app/app/Views/...', 18)
#1 /app/app/Views/pages/index.php(18): include()
#2 /app/system/View/View.php(214): include('/app/app/Views/...')
#3 /app/system/View/View.php(217): CodeIgniter\View\View->CodeIgniter\View\{closure}()
#4 /app/system/Common.php(1097): CodeIgniter\View\View->render('pages/index', Array, true)
#5 /app/app/Controllers/Home.php(9): view('pages/index')
#6 /app/system/CodeIgniter.php(824): App\Controllers\Home->index()
#7 /app/system/CodeIgniter.php(410): CodeIgniter\CodeIgniter->runController(Object(App\Controllers\Home))
#8 /app/system/CodeIgniter.php(318): CodeIgniter\CodeIgniter->handleRequest(NULL, Object(Config\Cache), false)
#9 /app/public/index.php(37): CodeIgniter\CodeIgniter->run()
#10 {main}
CRITICAL - 2021-12-06 05:10:01 --> include(../partials/header.php): Failed to open stream: No such file or directory
#0 /app/app/Views/pages/index.php(18): CodeIgniter\Debug\Exceptions->errorHandler(2, 'include(../part...', '/app/app/Views/...', 18)
#1 /app/app/Views/pages/index.php(18): include()
#2 /app/system/View/View.php(214): include('/app/app/Views/...')
#3 /app/system/View/View.php(217): CodeIgniter\View\View->CodeIgniter\View\{closure}()
#4 /app/system/Common.php(1097): CodeIgniter\View\View->render('pages/index', Array, true)
#5 /app/app/Controllers/Home.php(9): view('pages/index')
#6 /app/system/CodeIgniter.php(824): App\Controllers\Home->index()
#7 /app/system/CodeIgniter.php(410): CodeIgniter\CodeIgniter->runController(Object(App\Controllers\Home))
#8 /app/system/CodeIgniter.php(318): CodeIgniter\CodeIgniter->handleRequest(NULL, Object(Config\Cache), false)
#9 /app/public/index.php(37): CodeIgniter\CodeIgniter->run()
#10 {main}
CRITICAL - 2021-12-06 05:10:30 --> include(../partials/header.php): Failed to open stream: No such file or directory
#0 /app/app/Views/pages/index.php(18): CodeIgniter\Debug\Exceptions->errorHandler(2, 'include(../part...', '/app/app/Views/...', 18)
#1 /app/app/Views/pages/index.php(18): include()
#2 /app/system/View/View.php(214): include('/app/app/Views/...')
#3 /app/system/View/View.php(217): CodeIgniter\View\View->CodeIgniter\View\{closure}()
#4 /app/system/Common.php(1097): CodeIgniter\View\View->render('pages/index', Array, true)
#5 /app/app/Controllers/Home.php(9): view('pages/index')
#6 /app/system/CodeIgniter.php(824): App\Controllers\Home->index()
#7 /app/system/CodeIgniter.php(410): CodeIgniter\CodeIgniter->runController(Object(App\Controllers\Home))
#8 /app/system/CodeIgniter.php(318): CodeIgniter\CodeIgniter->handleRequest(NULL, Object(Config\Cache), false)
#9 /app/public/index.php(37): CodeIgniter\CodeIgniter->run()
#10 {main}
CRITICAL - 2021-12-06 05:10:54 --> include(/partials/header.php): Failed to open stream: No such file or directory
#0 /app/app/Views/pages/index.php(18): CodeIgniter\Debug\Exceptions->errorHandler(2, 'include(/partia...', '/app/app/Views/...', 18)
#1 /app/app/Views/pages/index.php(18): include()
#2 /app/system/View/View.php(214): include('/app/app/Views/...')
#3 /app/system/View/View.php(217): CodeIgniter\View\View->CodeIgniter\View\{closure}()
#4 /app/system/Common.php(1097): CodeIgniter\View\View->render('pages/index', Array, true)
#5 /app/app/Controllers/Home.php(9): view('pages/index')
#6 /app/system/CodeIgniter.php(824): App\Controllers\Home->index()
#7 /app/system/CodeIgniter.php(410): CodeIgniter\CodeIgniter->runController(Object(App\Controllers\Home))
#8 /app/system/CodeIgniter.php(318): CodeIgniter\CodeIgniter->handleRequest(NULL, Object(Config\Cache), false)
#9 /app/public/index.php(37): CodeIgniter\CodeIgniter->run()
#10 {main}
CRITICAL - 2021-12-06 05:11:34 --> Invalid file: index.php
#0 /app/system/View/View.php(198): CodeIgniter\Exceptions\FrameworkException::forInvalidFile('index.php')
#1 /app/system/Common.php(1097): CodeIgniter\View\View->render('index', Array, true)
#2 /app/app/Controllers/Home.php(9): view('index')
#3 /app/system/CodeIgniter.php(824): App\Controllers\Home->index()
#4 /app/system/CodeIgniter.php(410): CodeIgniter\CodeIgniter->runController(Object(App\Controllers\Home))
#5 /app/system/CodeIgniter.php(318): CodeIgniter\CodeIgniter->handleRequest(NULL, Object(Config\Cache), false)
#6 /app/public/index.php(37): CodeIgniter\CodeIgniter->run()
#7 {main}
CRITICAL - 2021-12-06 05:15:38 --> include(../partials/profile.php): Failed to open stream: No such file or directory
#0 /app/app/Views/pages/index.php(23): CodeIgniter\Debug\Exceptions->errorHandler(2, 'include(../part...', '/app/app/Views/...', 23)
#1 /app/app/Views/pages/index.php(23): include()
#2 /app/system/View/View.php(214): include('/app/app/Views/...')
#3 /app/system/View/View.php(217): CodeIgniter\View\View->CodeIgniter\View\{closure}()
#4 /app/system/Common.php(1097): CodeIgniter\View\View->render('pages/index', Array, true)
#5 /app/app/Controllers/Home.php(9): view('pages/index')
#6 /app/system/CodeIgniter.php(824): App\Controllers\Home->index()
#7 /app/system/CodeIgniter.php(410): CodeIgniter\CodeIgniter->runController(Object(App\Controllers\Home))
#8 /app/system/CodeIgniter.php(318): CodeIgniter\CodeIgniter->handleRequest(NULL, Object(Config\Cache), false)
#9 /app/public/index.php(37): CodeIgniter\CodeIgniter->run()
#10 {main}
CRITICAL - 2021-12-06 05:18:06 --> Invalid file: ../partials/header.php
#0 /app/system/View/View.php(198): CodeIgniter\Exceptions\FrameworkException::forInvalidFile('../partials/hea...')
#1 /app/system/View/View.php(432): CodeIgniter\View\View->render('../partials/hea...', NULL, true)
#2 /app/app/Views/pages/index.php(18): CodeIgniter\View\View->include('../partials/hea...')
#3 /app/system/View/View.php(214): include('/app/app/Views/...')
#4 /app/system/View/View.php(217): CodeIgniter\View\View->CodeIgniter\View\{closure}()
#5 /app/system/Common.php(1097): CodeIgniter\View\View->render('pages/index', Array, true)
#6 /app/app/Controllers/Home.php(9): view('pages/index')
#7 /app/system/CodeIgniter.php(824): App\Controllers\Home->index()
#8 /app/system/CodeIgniter.php(410): CodeIgniter\CodeIgniter->runController(Object(App\Controllers\Home))
#9 /app/system/CodeIgniter.php(318): CodeIgniter\CodeIgniter->handleRequest(NULL, Object(Config\Cache), false)
#10 /app/public/index.php(37): CodeIgniter\CodeIgniter->run()
#11 {main}
CRITICAL - 2021-12-06 05:24:15 --> include(../partials/loginPartial.php): Failed to open stream: No such file or directory
#0 /app/app/Views/login.php(11): CodeIgniter\Debug\Exceptions->errorHandler(2, 'include(../part...', '/app/app/Views/...', 11)
#1 /app/app/Views/login.php(11): include()
#2 /app/system/View/View.php(214): include('/app/app/Views/...')
#3 /app/system/View/View.php(217): CodeIgniter\View\View->CodeIgniter\View\{closure}()
#4 /app/system/Common.php(1097): CodeIgniter\View\View->render('login', Array, true)
#5 /app/app/Controllers/Home.php(9): view('login')
#6 /app/system/CodeIgniter.php(824): App\Controllers\Home->index()
#7 /app/system/CodeIgniter.php(410): CodeIgniter\CodeIgniter->runController(Object(App\Controllers\Home))
#8 /app/system/CodeIgniter.php(318): CodeIgniter\CodeIgniter->handleRequest(NULL, Object(Config\Cache), false)
#9 /app/public/index.php(37): CodeIgniter\CodeIgniter->run()
#10 {main}
CRITICAL - 2021-12-06 05:56:51 --> include(../partials/loginPartial.php): Failed to open stream: No such file or directory
#0 /app/app/Views/login.php(11): CodeIgniter\Debug\Exceptions->errorHandler(2, 'include(../part...', '/app/app/Views/...', 11)
#1 /app/app/Views/login.php(11): include()
#2 /app/system/View/View.php(214): include('/app/app/Views/...')
#3 /app/system/View/View.php(217): CodeIgniter\View\View->CodeIgniter\View\{closure}()
#4 /app/system/Common.php(1097): CodeIgniter\View\View->render('login', Array, true)
#5 /app/app/Controllers/Home.php(13): view('login')
#6 /app/system/CodeIgniter.php(824): App\Controllers\Home->login()
#7 /app/system/CodeIgniter.php(410): CodeIgniter\CodeIgniter->runController(Object(App\Controllers\Home))
#8 /app/system/CodeIgniter.php(318): CodeIgniter\CodeIgniter->handleRequest(NULL, Object(Config\Cache), false)
#9 /app/public/index.php(37): CodeIgniter\CodeIgniter->run()
#10 {main}
CRITICAL - 2021-12-06 05:56:58 --> include(../partials/registerPartial.php): Failed to open stream: No such file or directory
#0 /app/app/Views/register.php(13): CodeIgniter\Debug\Exceptions->errorHandler(2, 'include(../part...', '/app/app/Views/...', 13)
#1 /app/app/Views/register.php(13): include()
#2 /app/system/View/View.php(214): include('/app/app/Views/...')
#3 /app/system/View/View.php(217): CodeIgniter\View\View->CodeIgniter\View\{closure}()
#4 /app/system/Common.php(1097): CodeIgniter\View\View->render('register', Array, true)
#5 /app/app/Controllers/Home.php(17): view('register')
#6 /app/system/CodeIgniter.php(824): App\Controllers\Home->register()
#7 /app/system/CodeIgniter.php(410): CodeIgniter\CodeIgniter->runController(Object(App\Controllers\Home))
#8 /app/system/CodeIgniter.php(318): CodeIgniter\CodeIgniter->handleRequest(NULL, Object(Config\Cache), false)
#9 /app/public/index.php(37): CodeIgniter\CodeIgniter->run()
#10 {main}
CRITICAL - 2021-12-06 11:00:39 --> syntax error, unexpected token ";"
#0 /app/system/View/View.php(217): CodeIgniter\View\View->CodeIgniter\View\{closure}()
#1 /app/system/Common.php(1097): CodeIgniter\View\View->render('index', Array, true)
#2 /app/app/Controllers/Home.php(9): view('index')
#3 /app/system/CodeIgniter.php(824): App\Controllers\Home->index()
#4 /app/system/CodeIgniter.php(410): CodeIgniter\CodeIgniter->runController(Object(App\Controllers\Home))
#5 /app/system/CodeIgniter.php(318): CodeIgniter\CodeIgniter->handleRequest(NULL, Object(Config\Cache), false)
#6 /app/public/index.php(37): CodeIgniter\CodeIgniter->run()
#7 {main}
=======
CRITICAL - 2021-12-06 04:34:25 --> Call to a member function addUser() on null
#0 /app/system/CodeIgniter.php(824): App\Controllers\User->index()
#1 /app/system/CodeIgniter.php(410): CodeIgniter\CodeIgniter->runController(Object(App\Controllers\User))
#2 /app/system/CodeIgniter.php(318): CodeIgniter\CodeIgniter->handleRequest(NULL, Object(Config\Cache), false)
#3 /app/public/index.php(37): CodeIgniter\CodeIgniter->run()
#4 {main}
ERROR - 2021-12-06 04:35:20 --> Error connecting to the database: No such file or directory
CRITICAL - 2021-12-06 04:35:20 --> Unable to connect to the database.
Main connection [MySQLi]: No such file or directory
#0 /app/system/Database/BaseConnection.php(577): CodeIgniter\Database\BaseConnection->initialize()
#1 /app/app/Models/UserModel.php(18): CodeIgniter\Database\BaseConnection->query('SELECT * from u...')
#2 /app/app/Controllers/User.php(8): App\Models\UserModel->addUser('beans')
#3 /app/system/CodeIgniter.php(824): App\Controllers\User->index()
#4 /app/system/CodeIgniter.php(410): CodeIgniter\CodeIgniter->runController(Object(App\Controllers\User))
#5 /app/system/CodeIgniter.php(318): CodeIgniter\CodeIgniter->handleRequest(NULL, Object(Config\Cache), false)
#6 /app/public/index.php(37): CodeIgniter\CodeIgniter->run()
#7 {main}
ERROR - 2021-12-06 04:37:28 --> Error connecting to the database: Connection refused
CRITICAL - 2021-12-06 04:37:28 --> Unable to connect to the database.
Main connection [MySQLi]: Connection refused
#0 /app/system/Database/BaseConnection.php(577): CodeIgniter\Database\BaseConnection->initialize()
#1 /app/app/Models/UserModel.php(18): CodeIgniter\Database\BaseConnection->query('SELECT * from u...')
#2 /app/app/Controllers/User.php(8): App\Models\UserModel->addUser('beans')
#3 /app/system/CodeIgniter.php(824): App\Controllers\User->index()
#4 /app/system/CodeIgniter.php(410): CodeIgniter\CodeIgniter->runController(Object(App\Controllers\User))
#5 /app/system/CodeIgniter.php(318): CodeIgniter\CodeIgniter->handleRequest(NULL, Object(Config\Cache), false)
#6 /app/public/index.php(37): CodeIgniter\CodeIgniter->run()
#7 {main}
ERROR - 2021-12-06 04:39:10 --> Error connecting to the database: Connection refused
CRITICAL - 2021-12-06 04:39:10 --> Unable to connect to the database.
Main connection [MySQLi]: Connection refused
#0 /app/system/Database/BaseConnection.php(577): CodeIgniter\Database\BaseConnection->initialize()
#1 /app/app/Models/UserModel.php(18): CodeIgniter\Database\BaseConnection->query('SELECT * from u...')
#2 /app/app/Controllers/User.php(8): App\Models\UserModel->addUser('beans')
#3 /app/system/CodeIgniter.php(824): App\Controllers\User->index()
#4 /app/system/CodeIgniter.php(410): CodeIgniter\CodeIgniter->runController(Object(App\Controllers\User))
#5 /app/system/CodeIgniter.php(318): CodeIgniter\CodeIgniter->handleRequest(NULL, Object(Config\Cache), false)
#6 /app/public/index.php(37): CodeIgniter\CodeIgniter->run()
#7 {main}
ERROR - 2021-12-06 04:39:13 --> Error connecting to the database: Connection refused
CRITICAL - 2021-12-06 04:39:13 --> Unable to connect to the database.
Main connection [MySQLi]: Connection refused
#0 /app/system/Database/BaseConnection.php(577): CodeIgniter\Database\BaseConnection->initialize()
#1 /app/app/Models/UserModel.php(18): CodeIgniter\Database\BaseConnection->query('SELECT * from u...')
#2 /app/app/Controllers/User.php(8): App\Models\UserModel->addUser('beans')
#3 /app/system/CodeIgniter.php(824): App\Controllers\User->index()
#4 /app/system/CodeIgniter.php(410): CodeIgniter\CodeIgniter->runController(Object(App\Controllers\User))
#5 /app/system/CodeIgniter.php(318): CodeIgniter\CodeIgniter->handleRequest(NULL, Object(Config\Cache), false)
#6 /app/public/index.php(37): CodeIgniter\CodeIgniter->run()
#7 {main}
ERROR - 2021-12-06 04:39:24 --> Error connecting to the database: No such file or directory
CRITICAL - 2021-12-06 04:39:24 --> Unable to connect to the database.
Main connection [MySQLi]: No such file or directory
#0 /app/system/Database/BaseConnection.php(577): CodeIgniter\Database\BaseConnection->initialize()
#1 /app/app/Models/UserModel.php(18): CodeIgniter\Database\BaseConnection->query('SELECT * from u...')
#2 /app/app/Controllers/User.php(8): App\Models\UserModel->addUser('beans')
#3 /app/system/CodeIgniter.php(824): App\Controllers\User->index()
#4 /app/system/CodeIgniter.php(410): CodeIgniter\CodeIgniter->runController(Object(App\Controllers\User))
#5 /app/system/CodeIgniter.php(318): CodeIgniter\CodeIgniter->handleRequest(NULL, Object(Config\Cache), false)
#6 /app/public/index.php(37): CodeIgniter\CodeIgniter->run()
#7 {main}
CRITICAL - 2021-12-06 06:22:39 --> You must set the database table to be used with your query.
#0 /app/system/Model.php(545): CodeIgniter\Database\BaseConnection->table(NULL)
#1 /app/system/Model.php(717): CodeIgniter\Model->builder()
#2 /app/app/Controllers/User.php(11): CodeIgniter\Model->__call('getAllUsers', Array)
#3 /app/system/CodeIgniter.php(824): App\Controllers\User->index()
#4 /app/system/CodeIgniter.php(410): CodeIgniter\CodeIgniter->runController(Object(App\Controllers\User))
#5 /app/system/CodeIgniter.php(318): CodeIgniter\CodeIgniter->handleRequest(NULL, Object(Config\Cache), false)
#6 /app/public/index.php(37): CodeIgniter\CodeIgniter->run()
#7 {main}
CRITICAL - 2021-12-06 06:24:09 --> You must set the database table to be used with your query.
#0 /app/system/Model.php(545): CodeIgniter\Database\BaseConnection->table(NULL)
#1 /app/system/Model.php(717): CodeIgniter\Model->builder()
#2 /app/app/Controllers/User.php(11): CodeIgniter\Model->__call('getAllUsers', Array)
#3 /app/system/CodeIgniter.php(824): App\Controllers\User->index()
#4 /app/system/CodeIgniter.php(410): CodeIgniter\CodeIgniter->runController(Object(App\Controllers\User))
#5 /app/system/CodeIgniter.php(318): CodeIgniter\CodeIgniter->handleRequest(NULL, Object(Config\Cache), false)
#6 /app/public/index.php(37): CodeIgniter\CodeIgniter->run()
#7 {main}
CRITICAL - 2021-12-06 06:24:14 --> You must set the database table to be used with your query.
#0 /app/system/Model.php(545): CodeIgniter\Database\BaseConnection->table(NULL)
#1 /app/system/Model.php(717): CodeIgniter\Model->builder()
#2 /app/app/Controllers/User.php(11): CodeIgniter\Model->__call('getAllUsers', Array)
#3 /app/system/CodeIgniter.php(824): App\Controllers\User->index()
#4 /app/system/CodeIgniter.php(410): CodeIgniter\CodeIgniter->runController(Object(App\Controllers\User))
#5 /app/system/CodeIgniter.php(318): CodeIgniter\CodeIgniter->handleRequest(NULL, Object(Config\Cache), false)
#6 /app/public/index.php(37): CodeIgniter\CodeIgniter->run()
#7 {main}
CRITICAL - 2021-12-06 06:24:27 --> You must set the database table to be used with your query.
#0 /app/system/Model.php(545): CodeIgniter\Database\BaseConnection->table(NULL)
#1 /app/system/Model.php(717): CodeIgniter\Model->builder()
#2 /app/app/Controllers/User.php(11): CodeIgniter\Model->__call('getAllUsers', Array)
#3 /app/system/CodeIgniter.php(824): App\Controllers\User->index()
#4 /app/system/CodeIgniter.php(410): CodeIgniter\CodeIgniter->runController(Object(App\Controllers\User))
#5 /app/system/CodeIgniter.php(318): CodeIgniter\CodeIgniter->handleRequest(NULL, Object(Config\Cache), false)
#6 /app/public/index.php(37): CodeIgniter\CodeIgniter->run()
#7 {main}
CRITICAL - 2021-12-06 06:34:41 --> You must set the database table to be used with your query.
#0 /app/system/Model.php(545): CodeIgniter\Database\BaseConnection->table(NULL)
#1 /app/system/Model.php(717): CodeIgniter\Model->builder()
#2 /app/app/Controllers/User.php(11): CodeIgniter\Model->__call('getAllUsers', Array)
#3 /app/system/CodeIgniter.php(824): App\Controllers\User->index()
#4 /app/system/CodeIgniter.php(410): CodeIgniter\CodeIgniter->runController(Object(App\Controllers\User))
#5 /app/system/CodeIgniter.php(318): CodeIgniter\CodeIgniter->handleRequest(NULL, Object(Config\Cache), false)
#6 /app/public/index.php(37): CodeIgniter\CodeIgniter->run()
#7 {main}
CRITICAL - 2021-12-06 06:36:22 --> You must set the database table to be used with your query.
#0 /app/system/Model.php(545): CodeIgniter\Database\BaseConnection->table(NULL)
#1 /app/system/Model.php(717): CodeIgniter\Model->builder()
#2 /app/app/Controllers/User.php(16): CodeIgniter\Model->__call('getAllUsers', Array)
#3 /app/system/CodeIgniter.php(824): App\Controllers\User->fetchAllUsers()
#4 /app/system/CodeIgniter.php(410): CodeIgniter\CodeIgniter->runController(Object(App\Controllers\User))
#5 /app/system/CodeIgniter.php(318): CodeIgniter\CodeIgniter->handleRequest(NULL, Object(Config\Cache), false)
#6 /app/public/index.php(37): CodeIgniter\CodeIgniter->run()
#7 {main}
CRITICAL - 2021-12-06 06:38:42 --> You must set the database table to be used with your query.
#0 /app/system/Model.php(545): CodeIgniter\Database\BaseConnection->table(NULL)
#1 /app/system/Model.php(717): CodeIgniter\Model->builder()
#2 /app/app/Controllers/User.php(16): CodeIgniter\Model->__call('fetchAllUsers', Array)
#3 /app/system/CodeIgniter.php(824): App\Controllers\User->fetchAllUsers()
#4 /app/system/CodeIgniter.php(410): CodeIgniter\CodeIgniter->runController(Object(App\Controllers\User))
#5 /app/system/CodeIgniter.php(318): CodeIgniter\CodeIgniter->handleRequest(NULL, Object(Config\Cache), false)
#6 /app/public/index.php(37): CodeIgniter\CodeIgniter->run()
#7 {main}
CRITICAL - 2021-12-06 06:38:51 --> You must set the database table to be used with your query.
#0 /app/system/Model.php(545): CodeIgniter\Database\BaseConnection->table(NULL)
#1 /app/system/Model.php(717): CodeIgniter\Model->builder()
#2 /app/app/Controllers/User.php(16): CodeIgniter\Model->__call('getAllUsers', Array)
#3 /app/system/CodeIgniter.php(824): App\Controllers\User->fetchAllUsers()
#4 /app/system/CodeIgniter.php(410): CodeIgniter\CodeIgniter->runController(Object(App\Controllers\User))
#5 /app/system/CodeIgniter.php(318): CodeIgniter\CodeIgniter->handleRequest(NULL, Object(Config\Cache), false)
#6 /app/public/index.php(37): CodeIgniter\CodeIgniter->run()
#7 {main}
CRITICAL - 2021-12-06 06:39:22 --> You must set the database table to be used with your query.
#0 /app/system/Model.php(545): CodeIgniter\Database\BaseConnection->table(NULL)
#1 /app/system/Model.php(717): CodeIgniter\Model->builder()
#2 /app/app/Controllers/User.php(16): CodeIgniter\Model->__call('getAllUsers', Array)
#3 /app/system/CodeIgniter.php(824): App\Controllers\User->fetchAllUsers()
#4 /app/system/CodeIgniter.php(410): CodeIgniter\CodeIgniter->runController(Object(App\Controllers\User))
#5 /app/system/CodeIgniter.php(318): CodeIgniter\CodeIgniter->handleRequest(NULL, Object(Config\Cache), false)
#6 /app/public/index.php(37): CodeIgniter\CodeIgniter->run()
#7 {main}
CRITICAL - 2021-12-06 06:39:42 --> You must set the database table to be used with your query.
#0 /app/system/Model.php(545): CodeIgniter\Database\BaseConnection->table(NULL)
#1 /app/system/Model.php(717): CodeIgniter\Model->builder()
#2 /app/app/Controllers/User.php(11): CodeIgniter\Model->__call('getAllUsers', Array)
#3 /app/system/CodeIgniter.php(824): App\Controllers\User->index()
#4 /app/system/CodeIgniter.php(410): CodeIgniter\CodeIgniter->runController(Object(App\Controllers\User))
#5 /app/system/CodeIgniter.php(318): CodeIgniter\CodeIgniter->handleRequest(NULL, Object(Config\Cache), false)
#6 /app/public/index.php(37): CodeIgniter\CodeIgniter->run()
#7 {main}
CRITICAL - 2021-12-06 06:41:46 --> You must set the database table to be used with your query.
#0 /app/system/Model.php(545): CodeIgniter\Database\BaseConnection->table(NULL)
#1 /app/system/Model.php(717): CodeIgniter\Model->builder()
#2 /app/app/Controllers/User.php(11): CodeIgniter\Model->__call('getBeans', Array)
#3 /app/system/CodeIgniter.php(824): App\Controllers\User->index()
#4 /app/system/CodeIgniter.php(410): CodeIgniter\CodeIgniter->runController(Object(App\Controllers\User))
#5 /app/system/CodeIgniter.php(318): CodeIgniter\CodeIgniter->handleRequest(NULL, Object(Config\Cache), false)
#6 /app/public/index.php(37): CodeIgniter\CodeIgniter->run()
#7 {main}
CRITICAL - 2021-12-06 06:42:26 --> You must set the database table to be used with your query.
#0 /app/system/Model.php(545): CodeIgniter\Database\BaseConnection->table(NULL)
#1 /app/system/Model.php(717): CodeIgniter\Model->builder()
#2 /app/app/Controllers/User.php(11): CodeIgniter\Model->__call('getBeans', Array)
#3 /app/system/CodeIgniter.php(824): App\Controllers\User->index()
#4 /app/system/CodeIgniter.php(410): CodeIgniter\CodeIgniter->runController(Object(App\Controllers\User))
#5 /app/system/CodeIgniter.php(318): CodeIgniter\CodeIgniter->handleRequest(NULL, Object(Config\Cache), false)
#6 /app/public/index.php(37): CodeIgniter\CodeIgniter->run()
#7 {main}
CRITICAL - 2021-12-06 06:44:56 --> You must set the database table to be used with your query.
#0 /app/system/Model.php(545): CodeIgniter\Database\BaseConnection->table(NULL)
#1 /app/system/Model.php(717): CodeIgniter\Model->builder()
#2 /app/app/Controllers/User.php(11): CodeIgniter\Model->__call('getAllUsers', Array)
#3 /app/system/CodeIgniter.php(824): App\Controllers\User->index()
#4 /app/system/CodeIgniter.php(410): CodeIgniter\CodeIgniter->runController(Object(App\Controllers\User))
#5 /app/system/CodeIgniter.php(318): CodeIgniter\CodeIgniter->handleRequest(NULL, Object(Config\Cache), false)
#6 /app/public/index.php(37): CodeIgniter\CodeIgniter->run()
#7 {main}
CRITICAL - 2021-12-06 06:45:00 --> You must set the database table to be used with your query.
#0 /app/system/Model.php(545): CodeIgniter\Database\BaseConnection->table(NULL)
#1 /app/system/Model.php(717): CodeIgniter\Model->builder()
#2 /app/app/Controllers/User.php(11): CodeIgniter\Model->__call('getAllUsers', Array)
#3 /app/system/CodeIgniter.php(824): App\Controllers\User->index()
#4 /app/system/CodeIgniter.php(410): CodeIgniter\CodeIgniter->runController(Object(App\Controllers\User))
#5 /app/system/CodeIgniter.php(318): CodeIgniter\CodeIgniter->handleRequest(NULL, Object(Config\Cache), false)
#6 /app/public/index.php(37): CodeIgniter\CodeIgniter->run()
#7 {main}
CRITICAL - 2021-12-06 06:46:05 --> You must set the database table to be used with your query.
#0 /app/system/Model.php(545): CodeIgniter\Database\BaseConnection->table(NULL)
#1 /app/system/Model.php(717): CodeIgniter\Model->builder()
#2 /app/app/Controllers/User.php(11): CodeIgniter\Model->__call('getAllUsers', Array)
#3 /app/system/CodeIgniter.php(824): App\Controllers\User->index()
#4 /app/system/CodeIgniter.php(410): CodeIgniter\CodeIgniter->runController(Object(App\Controllers\User))
#5 /app/system/CodeIgniter.php(318): CodeIgniter\CodeIgniter->handleRequest(NULL, Object(Config\Cache), false)
#6 /app/public/index.php(37): CodeIgniter\CodeIgniter->run()
#7 {main}
CRITICAL - 2021-12-06 06:48:25 --> Undefined variable $users
#0 /app/app/Views/register.php(13): CodeIgniter\Debug\Exceptions->errorHandler(2, 'Undefined varia...', '/app/app/Views/...', 13)
#1 /app/system/View/View.php(214): include('/app/app/Views/...')
#2 /app/system/View/View.php(217): CodeIgniter\View\View->CodeIgniter\View\{closure}()
#3 /app/system/Common.php(1097): CodeIgniter\View\View->render('register', Array, true)
#4 /app/app/Controllers/User.php(12): view('register', Array)
#5 /app/system/CodeIgniter.php(824): App\Controllers\User->index()
#6 /app/system/CodeIgniter.php(410): CodeIgniter\CodeIgniter->runController(Object(App\Controllers\User))
#7 /app/system/CodeIgniter.php(318): CodeIgniter\CodeIgniter->handleRequest(NULL, Object(Config\Cache), false)
#8 /app/public/index.php(37): CodeIgniter\CodeIgniter->run()
#9 {main}
CRITICAL - 2021-12-06 06:58:13 --> Undefined property: stdClass::$username
#0 /app/app/Views/register.php(14): CodeIgniter\Debug\Exceptions->errorHandler(2, 'Undefined prope...', '/app/app/Views/...', 14)
#1 /app/system/View/View.php(214): include('/app/app/Views/...')
#2 /app/system/View/View.php(217): CodeIgniter\View\View->CodeIgniter\View\{closure}()
#3 /app/system/Common.php(1097): CodeIgniter\View\View->render('register', Array, true)
#4 /app/app/Controllers/User.php(12): view('register', Array)
#5 /app/system/CodeIgniter.php(824): App\Controllers\User->index()
#6 /app/system/CodeIgniter.php(410): CodeIgniter\CodeIgniter->runController(Object(App\Controllers\User))
#7 /app/system/CodeIgniter.php(318): CodeIgniter\CodeIgniter->handleRequest(NULL, Object(Config\Cache), false)
#8 /app/public/index.php(37): CodeIgniter\CodeIgniter->run()
#9 {main}

